2026-07-08 13:56:20 [http-nio-8080-exec-9] DEBUG org.hibernate.orm.core - HHH006588: Opening session [tenant=null]
2026-07-08 13:56:20 [http-nio-8080-exec-9] DEBUG org.hibernate.SQL - 
    select
        count(n1_0.id) 
    from
        notifications n1_0 
    where
        n1_0.user_id=? 
        and n1_0.is_read=false
2026-07-08 13:56:20 [http-nio-8080-exec-9] DEBUG org.hibernate.session.metrics - HHH000401: Logging session metrics:
	639500 ns acquiring 1 JDBC connections
	0 ns releasing 0 JDBC connections
	354200 ns preparing 1 JDBC statements
	1234500 ns executing 1 JDBC statements
	0 ns executing 0 JDBC batches
	0 ns performing 0 second-level cache puts
	0 ns performing 0 second-level cache hits
	0 ns performing 0 second-level cache misses
	0 ns executing 0 flushes (flushing a total of 0 entities and 0 collections)
	0 ns executing 0 pre-partial-flushes
	0 ns executing 0 partial-flushes (flushing a total of 0 entities and 0 collections)

2026-07-08 13:56:23 [HikariPool-1:housekeeper] WARN  com.zaxxer.hikari.pool.HikariPool - HikariPool-1 - Thread starvation or clock leap detected (housekeeper delta=21h36m11s244ms176µs300ns).
2026-07-08 13:56:48 [http-nio-8080-exec-1] DEBUG org.hibernate.orm.core - HHH006588: Opening session [tenant=null]
2026-07-08 13:56:48 [http-nio-8080-exec-1] DEBUG org.hibernate.SQL - 
    select
        count(n1_0.id) 
    from
        notifications n1_0 
    where
        n1_0.user_id=? 
        and n1_0.is_read=false
2026-07-08 13:56:48 [http-nio-8080-exec-1] DEBUG org.hibernate.session.metrics - HHH000401: Logging session metrics:
	299300 ns acquiring 1 JDBC connections
	0 ns releasing 0 JDBC connections
	149600 ns preparing 1 JDBC statements
	1005600 ns executing 1 JDBC statements
	0 ns executing 0 JDBC batches
	0 ns performing 0 second-level cache puts
	0 ns performing 0 second-level cache hits
	0 ns performing 0 second-level cache misses
	0 ns executing 0 flushes (flushing a total of 0 entities and 0 collections)
	0 ns executing 0 pre-partial-flushes
	0 ns executing 0 partial-flushes (flushing a total of 0 entities and 0 collections)

2026-07-08 13:57:21 [http-nio-8080-exec-10] DEBUG org.hibernate.orm.core - HHH006588: Opening session [tenant=null]
2026-07-08 13:57:21 [http-nio-8080-exec-10] DEBUG org.hibernate.SQL - 
    select
        count(n1_0.id) 
    from
        notifications n1_0 
    where
        n1_0.user_id=? 
        and n1_0.is_read=false
2026-07-08 13:57:21 [http-nio-8080-exec-10] DEBUG org.hibernate.session.metrics - HHH000401: Logging session metrics:
	326400 ns acquiring 1 JDBC connections
	0 ns releasing 0 JDBC connections
	197600 ns preparing 1 JDBC statements
	814300 ns executing 1 JDBC statements
	0 ns executing 0 JDBC batches
	0 ns performing 0 second-level cache puts
	0 ns performing 0 second-level cache hits
	0 ns performing 0 second-level cache misses
	0 ns executing 0 flushes (flushing a total of 0 entities and 0 collections)
	0 ns executing 0 pre-partial-flushes
	0 ns executing 0 partial-flushes (flushing a total of 0 entities and 0 collections)

2026-07-08 13:57:55 [http-nio-8080-exec-2] DEBUG org.hibernate.orm.core - HHH006588: Opening session [tenant=null]
2026-07-08 13:57:55 [http-nio-8080-exec-2] DEBUG org.hibernate.SQL - 
    select
        count(n1_0.id) 
    from
        notifications n1_0 
    where
        n1_0.user_id=? 
        and n1_0.is_read=false
2026-07-08 13:57:55 [http-nio-8080-exec-2] DEBUG org.hibernate.session.metrics - HHH000401: Logging session metrics:
	834800 ns acquiring 1 JDBC connections
	0 ns releasing 0 JDBC connections
	367200 ns preparing 1 JDBC statements
	2222900 ns executing 1 JDBC statements
	0 ns executing 0 JDBC batches
	0 ns performing 0 second-level cache puts
	0 ns performing 0 second-level cache hits
	0 ns performing 0 second-level cache misses
	0 ns executing 0 flushes (flushing a total of 0 entities and 0 collections)
	0 ns executing 0 pre-partial-flushes
	0 ns executing 0 partial-flushes (flushing a total of 0 entities and 0 collections)

2026-07-08 13:58:25 [http-nio-8080-exec-4] DEBUG org.hibernate.orm.core - HHH006588: Opening session [tenant=null]
2026-07-08 13:58:25 [http-nio-8080-exec-4] DEBUG org.hibernate.SQL - 
    select
        count(n1_0.id) 
    from
        notifications n1_0 
    where
        n1_0.user_id=? 
        and n1_0.is_read=false
2026-07-08 13:58:25 [http-nio-8080-exec-4] DEBUG org.hibernate.session.metrics - HHH000401: Logging session metrics:
	740200 ns acquiring 1 JDBC connections
	0 ns releasing 0 JDBC connections
	494100 ns preparing 1 JDBC statements
	4718300 ns executing 1 JDBC statements
	0 ns executing 0 JDBC batches
	0 ns performing 0 second-level cache puts
	0 ns performing 0 second-level cache hits
	0 ns performing 0 second-level cache misses
	0 ns executing 0 flushes (flushing a total of 0 entities and 0 collections)
	0 ns executing 0 pre-partial-flushes
	0 ns executing 0 partial-flushes (flushing a total of 0 entities and 0 collections)

2026-07-08 13:58:58 [http-nio-8080-exec-6] DEBUG org.hibernate.orm.core - HHH006588: Opening session [tenant=null]
2026-07-08 13:58:58 [http-nio-8080-exec-6] DEBUG org.hibernate.SQL - 
    select
        count(n1_0.id) 
    from
        notifications n1_0 
    where
        n1_0.user_id=? 
        and n1_0.is_read=false
2026-07-08 13:58:58 [http-nio-8080-exec-6] DEBUG org.hibernate.session.metrics - HHH000401: Logging session metrics:
	967800 ns acquiring 1 JDBC connections
	0 ns releasing 0 JDBC connections
	550400 ns preparing 1 JDBC statements
	2148900 ns executing 1 JDBC statements
	0 ns executing 0 JDBC batches
	0 ns performing 0 second-level cache puts
	0 ns performing 0 second-level cache hits
	0 ns performing 0 second-level cache misses
	0 ns executing 0 flushes (flushing a total of 0 entities and 0 collections)
	0 ns executing 0 pre-partial-flushes
	0 ns executing 0 partial-flushes (flushing a total of 0 entities and 0 collections)

2026-07-08 13:59:28 [http-nio-8080-exec-3] DEBUG org.hibernate.orm.core - HHH006588: Opening session [tenant=null]
2026-07-08 13:59:28 [http-nio-8080-exec-3] DEBUG org.hibernate.SQL - 
    select
        count(n1_0.id) 
    from
        notifications n1_0 
    where
        n1_0.user_id=? 
        and n1_0.is_read=false
2026-07-08 13:59:28 [http-nio-8080-exec-3] DEBUG org.hibernate.session.metrics - HHH000401: Logging session metrics:
	1978600 ns acquiring 1 JDBC connections
	0 ns releasing 0 JDBC connections
	766800 ns preparing 1 JDBC statements
	1128200 ns executing 1 JDBC statements
	0 ns executing 0 JDBC batches
	0 ns performing 0 second-level cache puts
	0 ns performing 0 second-level cache hits
	0 ns performing 0 second-level cache misses
	0 ns executing 0 flushes (flushing a total of 0 entities and 0 collections)
	0 ns executing 0 pre-partial-flushes
	0 ns executing 0 partial-flushes (flushing a total of 0 entities and 0 collections)

2026-07-08 13:59:58 [http-nio-8080-exec-7] DEBUG org.hibernate.orm.core - HHH006588: Opening session [tenant=null]
2026-07-08 13:59:58 [http-nio-8080-exec-7] DEBUG org.hibernate.SQL - 
    select
        count(n1_0.id) 
    from
        notifications n1_0 
    where
        n1_0.user_id=? 
        and n1_0.is_read=false
2026-07-08 13:59:58 [http-nio-8080-exec-7] DEBUG org.hibernate.session.metrics - HHH000401: Logging session metrics:
	435200 ns acquiring 1 JDBC connections
	0 ns releasing 0 JDBC connections
	190100 ns preparing 1 JDBC statements
	1227400 ns executing 1 JDBC statements
	0 ns executing 0 JDBC batches
	0 ns performing 0 second-level cache puts
	0 ns performing 0 second-level cache hits
	0 ns performing 0 second-level cache misses
	0 ns executing 0 flushes (flushing a total of 0 entities and 0 collections)
	0 ns executing 0 pre-partial-flushes
	0 ns executing 0 partial-flushes (flushing a total of 0 entities and 0 collections)

2026-07-08 14:00:28 [http-nio-8080-exec-8] DEBUG org.hibernate.orm.core - HHH006588: Opening session [tenant=null]
2026-07-08 14:00:28 [http-nio-8080-exec-8] DEBUG org.hibernate.SQL - 
    select
        count(n1_0.id) 
    from
        notifications n1_0 
    where
        n1_0.user_id=? 
        and n1_0.is_read=false
2026-07-08 14:00:28 [http-nio-8080-exec-8] DEBUG org.hibernate.session.metrics - HHH000401: Logging session metrics:
	831000 ns acquiring 1 JDBC connections
	0 ns releasing 0 JDBC connections
	600800 ns preparing 1 JDBC statements
	2045200 ns executing 1 JDBC statements
	0 ns executing 0 JDBC batches
	0 ns performing 0 second-level cache puts
	0 ns performing 0 second-level cache hits
	0 ns performing 0 second-level cache misses
	0 ns executing 0 flushes (flushing a total of 0 entities and 0 collections)
	0 ns executing 0 pre-partial-flushes
	0 ns executing 0 partial-flushes (flushing a total of 0 entities and 0 collections)

2026-07-08 14:00:58 [http-nio-8080-exec-5] DEBUG org.hibernate.orm.core - HHH006588: Opening session [tenant=null]
2026-07-08 14:00:58 [http-nio-8080-exec-5] DEBUG org.hibernate.SQL - 
    select
        count(n1_0.id) 
    from
        notifications n1_0 
    where
        n1_0.user_id=? 
        and n1_0.is_read=false
2026-07-08 14:00:58 [http-nio-8080-exec-5] DEBUG org.hibernate.session.metrics - HHH000401: Logging session metrics:
	573400 ns acquiring 1 JDBC connections
	0 ns releasing 0 JDBC connections
	250600 ns preparing 1 JDBC statements
	1337400 ns executing 1 JDBC statements
	0 ns executing 0 JDBC batches
	0 ns performing 0 second-level cache puts
	0 ns performing 0 second-level cache hits
	0 ns performing 0 second-level cache misses
	0 ns executing 0 flushes (flushing a total of 0 entities and 0 collections)
	0 ns executing 0 pre-partial-flushes
	0 ns executing 0 partial-flushes (flushing a total of 0 entities and 0 collections)

2026-07-08 14:01:31 [http-nio-8080-exec-9] DEBUG org.hibernate.orm.core - HHH006588: Opening session [tenant=null]
2026-07-08 14:01:31 [http-nio-8080-exec-9] DEBUG org.hibernate.SQL - 
    select
        count(n1_0.id) 
    from
        notifications n1_0 
    where
        n1_0.user_id=? 
        and n1_0.is_read=false
2026-07-08 14:01:31 [http-nio-8080-exec-9] DEBUG org.hibernate.session.metrics - HHH000401: Logging session metrics:
	1350800 ns acquiring 1 JDBC connections
	0 ns releasing 0 JDBC connections
	624600 ns preparing 1 JDBC statements
	2058600 ns executing 1 JDBC statements
	0 ns executing 0 JDBC batches
	0 ns performing 0 second-level cache puts
	0 ns performing 0 second-level cache hits
	0 ns performing 0 second-level cache misses
	0 ns executing 0 flushes (flushing a total of 0 entities and 0 collections)
	0 ns executing 0 pre-partial-flushes
	0 ns executing 0 partial-flushes (flushing a total of 0 entities and 0 collections)

2026-07-08 14:02:01 [http-nio-8080-exec-1] DEBUG org.hibernate.orm.core - HHH006588: Opening session [tenant=null]
2026-07-08 14:02:01 [http-nio-8080-exec-1] DEBUG org.hibernate.SQL - 
    select
        count(n1_0.id) 
    from
        notifications n1_0 
    where
        n1_0.user_id=? 
        and n1_0.is_read=false
2026-07-08 14:02:01 [http-nio-8080-exec-1] DEBUG org.hibernate.session.metrics - HHH000401: Logging session metrics:
	657900 ns acquiring 1 JDBC connections
	0 ns releasing 0 JDBC connections
	233700 ns preparing 1 JDBC statements
	1439100 ns executing 1 JDBC statements
	0 ns executing 0 JDBC batches
	0 ns performing 0 second-level cache puts
	0 ns performing 0 second-level cache hits
	0 ns performing 0 second-level cache misses
	0 ns executing 0 flushes (flushing a total of 0 entities and 0 collections)
	0 ns executing 0 pre-partial-flushes
	0 ns executing 0 partial-flushes (flushing a total of 0 entities and 0 collections)

2026-07-08 14:02:32 [http-nio-8080-exec-10] DEBUG org.hibernate.orm.core - HHH006588: Opening session [tenant=null]
2026-07-08 14:02:32 [http-nio-8080-exec-10] DEBUG org.hibernate.SQL - 
    select
        count(n1_0.id) 
    from
        notifications n1_0 
    where
        n1_0.user_id=? 
        and n1_0.is_read=false
2026-07-08 14:02:32 [http-nio-8080-exec-10] DEBUG org.hibernate.session.metrics - HHH000401: Logging session metrics:
	645100 ns acquiring 1 JDBC connections
	0 ns releasing 0 JDBC connections
	398900 ns preparing 1 JDBC statements
	2124300 ns executing 1 JDBC statements
	0 ns executing 0 JDBC batches
	0 ns performing 0 second-level cache puts
	0 ns performing 0 second-level cache hits
	0 ns performing 0 second-level cache misses
	0 ns executing 0 flushes (flushing a total of 0 entities and 0 collections)
	0 ns executing 0 pre-partial-flushes
	0 ns executing 0 partial-flushes (flushing a total of 0 entities and 0 collections)

2026-07-08 14:03:00 [http-nio-8080-exec-2] DEBUG org.hibernate.orm.core - HHH006588: Opening session [tenant=null]
2026-07-08 14:03:00 [http-nio-8080-exec-2] DEBUG org.hibernate.SQL - 
    select
        count(n1_0.id) 
    from
        notifications n1_0 
    where
        n1_0.user_id=? 
        and n1_0.is_read=false
2026-07-08 14:03:00 [http-nio-8080-exec-2] DEBUG org.hibernate.session.metrics - HHH000401: Logging session metrics:
	330600 ns acquiring 1 JDBC connections
	0 ns releasing 0 JDBC connections
	355200 ns preparing 1 JDBC statements
	1177200 ns executing 1 JDBC statements
	0 ns executing 0 JDBC batches
	0 ns performing 0 second-level cache puts
	0 ns performing 0 second-level cache hits
	0 ns performing 0 second-level cache misses
	0 ns executing 0 flushes (flushing a total of 0 entities and 0 collections)
	0 ns executing 0 pre-partial-flushes
	0 ns executing 0 partial-flushes (flushing a total of 0 entities and 0 collections)

2026-07-08 14:03:31 [http-nio-8080-exec-4] DEBUG org.hibernate.orm.core - HHH006588: Opening session [tenant=null]
2026-07-08 14:03:31 [http-nio-8080-exec-4] DEBUG org.hibernate.SQL - 
    select
        count(n1_0.id) 
    from
        notifications n1_0 
    where
        n1_0.user_id=? 
        and n1_0.is_read=false
2026-07-08 14:03:31 [http-nio-8080-exec-4] DEBUG org.hibernate.session.metrics - HHH000401: Logging session metrics:
	407900 ns acquiring 1 JDBC connections
	0 ns releasing 0 JDBC connections
	592200 ns preparing 1 JDBC statements
	1416800 ns executing 1 JDBC statements
	0 ns executing 0 JDBC batches
	0 ns performing 0 second-level cache puts
	0 ns performing 0 second-level cache hits
	0 ns performing 0 second-level cache misses
	0 ns executing 0 flushes (flushing a total of 0 entities and 0 collections)
	0 ns executing 0 pre-partial-flushes
	0 ns executing 0 partial-flushes (flushing a total of 0 entities and 0 collections)

2026-07-08 14:03:46 [http-nio-8080-exec-6] DEBUG org.hibernate.orm.core - HHH006588: Opening session [tenant=null]
2026-07-08 14:03:46 [http-nio-8080-exec-7] DEBUG org.hibernate.orm.core - HHH006588: Opening session [tenant=null]
2026-07-08 14:03:46 [http-nio-8080-exec-3] DEBUG org.hibernate.orm.core - HHH006588: Opening session [tenant=null]
2026-07-08 14:03:46 [http-nio-8080-exec-3] INFO  o.e.H.p.c.PrescriptionController - List prescriptions for patient — patientUserId=1
2026-07-08 14:03:46 [http-nio-8080-exec-6] DEBUG org.hibernate.SQL - 
    select
        count(n1_0.id) 
    from
        notifications n1_0 
    where
        n1_0.user_id=? 
        and n1_0.is_read=false
2026-07-08 14:03:46 [http-nio-8080-exec-7] DEBUG org.hibernate.SQL - 
    select
        count(n1_0.id) 
    from
        notifications n1_0 
    where
        n1_0.user_id=? 
        and n1_0.is_read=false
2026-07-08 14:03:46 [http-nio-8080-exec-6] DEBUG org.hibernate.session.metrics - HHH000401: Logging session metrics:
	573200 ns acquiring 1 JDBC connections
	0 ns releasing 0 JDBC connections
	195800 ns preparing 1 JDBC statements
	828600 ns executing 1 JDBC statements
	0 ns executing 0 JDBC batches
	0 ns performing 0 second-level cache puts
	0 ns performing 0 second-level cache hits
	0 ns performing 0 second-level cache misses
	0 ns executing 0 flushes (flushing a total of 0 entities and 0 collections)
	0 ns executing 0 pre-partial-flushes
	0 ns executing 0 partial-flushes (flushing a total of 0 entities and 0 collections)

2026-07-08 14:03:46 [http-nio-8080-exec-3] DEBUG org.hibernate.SQL - 
    select
        p1_0.id,
        p1_0.created_at,
        p1_0.file_path,
        p1_0.file_size,
        p1_0.file_type,
        p1_0.ocr_text,
        p1_0.original_file_name,
        p1_0.patient_user_id,
        p1_0.pharmacist_comments,
        p1_0.pharmacist_id,
        p1_0.status,
        p1_0.stored_file_name,
        p1_0.updated_at 
    from
        prescriptions p1_0 
    where
        p1_0.patient_user_id=? 
    order by
        p1_0.created_at desc
2026-07-08 14:03:46 [http-nio-8080-exec-7] DEBUG org.hibernate.session.metrics - HHH000401: Logging session metrics:
	390800 ns acquiring 1 JDBC connections
	0 ns releasing 0 JDBC connections
	142700 ns preparing 1 JDBC statements
	1272000 ns executing 1 JDBC statements
	0 ns executing 0 JDBC batches
	0 ns performing 0 second-level cache puts
	0 ns performing 0 second-level cache hits
	0 ns performing 0 second-level cache misses
	0 ns executing 0 flushes (flushing a total of 0 entities and 0 collections)
	0 ns executing 0 pre-partial-flushes
	0 ns executing 0 partial-flushes (flushing a total of 0 entities and 0 collections)

2026-07-08 14:03:46 [http-nio-8080-exec-3] DEBUG org.hibernate.session.metrics - HHH000401: Logging session metrics:
	1757700 ns acquiring 1 JDBC connections
	0 ns releasing 0 JDBC connections
	446900 ns preparing 1 JDBC statements
	2749200 ns executing 1 JDBC statements
	0 ns executing 0 JDBC batches
	0 ns performing 0 second-level cache puts
	0 ns performing 0 second-level cache hits
	0 ns performing 0 second-level cache misses
	0 ns executing 0 flushes (flushing a total of 0 entities and 0 collections)
	0 ns executing 0 pre-partial-flushes
	0 ns executing 0 partial-flushes (flushing a total of 0 entities and 0 collections)

2026-07-08 14:10:56 [SpringApplicationShutdownHook] INFO  o.s.boot.tomcat.GracefulShutdown - Commencing graceful shutdown. Waiting for active requests to complete
2026-07-08 14:10:56 [tomcat-shutdown] INFO  o.s.boot.tomcat.GracefulShutdown - Graceful shutdown complete
2026-07-08 14:10:56 [SpringApplicationShutdownHook] INFO  o.s.o.j.LocalContainerEntityManagerFactoryBean - Closing JPA EntityManagerFactory for persistence unit 'default'
2026-07-08 14:10:56 [SpringApplicationShutdownHook] DEBUG org.hibernate.orm.factory - HHH90020005: Closing factory [2d5e7ff8-b1c9-468c-a2a1-c64cab9e0172]
2026-07-08 14:10:56 [SpringApplicationShutdownHook] INFO  com.zaxxer.hikari.HikariDataSource - HikariPool-1 - Shutdown initiated...
2026-07-08 14:10:56 [SpringApplicationShutdownHook] INFO  com.zaxxer.hikari.HikariDataSource - HikariPool-1 - Shutdown completed.
